<?xml version="1.0" encoding="UTF-8"?>
<testsuite xmlns:xsi="http://www.w3.org/2001/XMLSchema-instance" xsi:noNamespaceSchemaLocation="https://maven.apache.org/surefire/maven-surefire-plugin/xsd/surefire-test-report.xsd" version="3.0.2" name="com.kpjavaspringboot.KpjavaspringbootApplicationTests" time="3.085" tests="1" errors="0" skipped="0" failures="0">
  <properties>
[...]
</properties>
  <testcase name="contextLoads" classname="com.kpjavaspringboot.KpjavaspringbootApplicationTests" time="0.847">
    <system-out><![CDATA[08:56:57.666 [main] INFO org.springframework.test.context.support.AnnotationConfigContextLoaderUtils -- Could not detect default configuration classes for test class [com.kpjavaspringboot.KpjavaspringbootApplicationTests]: KpjavaspringbootApplicationTests does not declare any static, non-private, non-final, nested classes annotated with @Configuration.
08:56:57.844 [main] INFO org.springframework.boot.test.context.SpringBootTestContextBootstrapper -- Found @SpringBootConfiguration com.kpjavaspringboot.KpjavaspringbootApplication for test class com.kpjavaspringboot.KpjavaspringbootApplicationTests

  .   ____          _            __ _ _
 /\\ / ___'_ __ _ _(_)_ __  __ _ \ \ \ \
( ( )\___ | '_ | '_| | '_ \/ _` | \ \ \ \
 \\/  ___)| |_)| | | | | || (_| |  ) ) ) )
  '  |____| .__|_| |_|_| |_\__, | / / / /
 =========|_|==============|___/=/_/_/_/

 :: Spring Boot ::                (v3.4.5)

2025-05-13T08:56:58.414-04:00  INFO 20800 --- [kpjavaspringboot] [           main] c.k.KpjavaspringbootApplicationTests     : Starting KpjavaspringbootApplicationTests using Java 24.0.1 with PID 20800 (started by Administrator in C:\Projects\IdeaProjects\kpjavaspringboot)
2025-05-13T08:56:58.415-04:00  INFO 20800 --- [kpjavaspringboot] [           main] c.k.KpjavaspringbootApplicationTests     : No active profile set, falling back to 1 default profile: "default"
2025-05-13T08:56:59.659-04:00  INFO 20800 --- [kpjavaspringboot] [           main] c.k.KpjavaspringbootApplicationTests     : Started KpjavaspringbootApplicationTests in 1.612 seconds (process running for 7.364)
]]></system-out>
    <system-err><![CDATA[Mockito is currently self-attaching to enable the inline-mock-maker. This will no longer work in future releases of the JDK. Please add Mockito as an agent to your build what is described in Mockito's documentation: https://javadoc.io/doc/org.mockito/mockito-core/latest/org/mockito/Mockito.html#0.3
WARNING: A Java agent has been loaded dynamically (C:\Users\Administrator\.m2\repository\net\bytebuddy\byte-buddy-agent\1.15.11\byte-buddy-agent-1.15.11.jar)
WARNING: If a serviceability tool is in use, please run with -XX:+EnableDynamicAgentLoading to hide this warning
WARNING: If a serviceability tool is not in use, please run with -Djdk.instrument.traceUsage for more information
WARNING: Dynamic loading of agents will be disallowed by default in a future release
]]></system-err>
  </testcase>
</testsuite>